Sun Jul 14 13:00:04 CDT 2013
200,0
150,0
100,0
80,0
60,0
40,0
20,0
10,0

200,0
150,0
100,0
80,0
60,0
40,0
20,1
10,0

200,0
150,0
100,0
80,0
60,0
40,0
20,0
10,0

Sun Jul 14 14:44:42 CDT 2013
200,0
150,0
100,0
80,0
60,0
40,0
20,0
10,0

200,0
150,0
100,0
80,0
60,0
40,0
20,0
10,0

200,0
150,0
100,0
80,0
60,0
40,0
20,0
10,0

Sun Jul 14 14:48:21 CDT 2013
200,0
150,0
100,0
80,0
60,0
40,0
20,0
10,0

200,0
150,0
100,0
80,0
60,0
40,0
20,0
10,0

200,0
150,0
100,0
80,0
60,0
40,0
20,0
10,0

Sun Jul 14 15:07:10 CDT 2013
200,2
150,1
100,1
80,1
60,1
40,1
Sun Jul 14 15:26:46 CDT 2013
200,48
150,3
100,4
80,8
Sun Jul 14 15:30:52 CDT 2013
200,45

Sun Jul 14 19:45:31 CDT 2013
200,48

Sun Jul 14 19:48:30 CDT 2013
200,45

Sun Jul 14 20:29:09 CDT 2013
200,48

